C51 COMPILER V9.60.0.0   LED                                                               09/18/2022 19:23:56 PAGE 1   


C51 COMPILER V9.60.0.0, COMPILATION OF MODULE LED
OBJECT MODULE PLACED IN .\Objects\led.obj
COMPILER INVOKED BY: C:\Keil_v5\C51\BIN\C51.EXE led.c OPTIMIZE(8,SPEED) BROWSE DEBUG OBJECTEXTEND PRINT(.\Listings\led.l
                    -st) TABS(2) OBJECT(.\Objects\led.obj)

line level    source

   1          #include<reg51.h>
   2          // for 11.0592MHz crystal
   3          void delay(unsigned int itime)
   4          {
   5   1      unsigned int i,j;
   6   1      for (i=0;i<itime;i++) // this is For(); loop delay used to define delay value in Embedded C
   7   1      {
   8   2      for (j=0;j<1275;j++);
   9   2      }
  10   1      }
  11          
  12          void main(){
  13   1        
  14   1        while(1){
  15   2          P2 = 0xAA;
  16   2          delay(100);
  17   2          P2 = 0x55;
  18   2          delay(100);
  19   2        }
  20   1      }


MODULE INFORMATION:   STATIC OVERLAYABLE
   CODE SIZE        =     50    ----
   CONSTANT SIZE    =   ----    ----
   XDATA SIZE       =   ----    ----
   PDATA SIZE       =   ----    ----
   DATA SIZE        =   ----    ----
   IDATA SIZE       =   ----    ----
   BIT SIZE         =   ----    ----
END OF MODULE INFORMATION.


C51 COMPILATION COMPLETE.  0 WARNING(S),  0 ERROR(S)
